Sun, 19 Apr 2015 11:35:13 index.py[line:24] DEBUG This is debug message
Sun, 19 Apr 2015 11:35:13 index.py[line:25] INFO This is info message
Sun, 19 Apr 2015 11:35:13 index.py[line:26] WARNING This is warning message
Sun, 19 Apr 2015 11:35:23 index.py[line:24] DEBUG This is debug message
Sun, 19 Apr 2015 11:35:23 index.py[line:25] INFO This is info message
Sun, 19 Apr 2015 11:35:23 index.py[line:26] WARNING This is warning message
Sun, 19 Apr 2015 11:35:28 index.py[line:24] DEBUG This is debug message
Sun, 19 Apr 2015 11:35:28 index.py[line:25] INFO This is info message
Sun, 19 Apr 2015 11:35:28 index.py[line:26] WARNING This is warning message
Sun, 19 Apr 2015 11:35:56 index.py[line:24] DEBUG This is debug message
Sun, 19 Apr 2015 11:35:56 index.py[line:25] INFO This is info message
Sun, 19 Apr 2015 11:35:56 index.py[line:26] WARNING This is warning message
Sun, 19 Apr 2015 11:36:28 index.py[line:24] DEBUG This is debug message
Sun, 19 Apr 2015 11:36:28 index.py[line:25] INFO This is info message
Sun, 19 Apr 2015 11:36:28 index.py[line:26] WARNING This is warning message
Sun, 19 Apr 2015 11:42:17 index.py[line:24] DEBUG This is debug message
Sun, 19 Apr 2015 11:42:17 index.py[line:25] INFO This is info message
Sun, 19 Apr 2015 11:42:17 index.py[line:26] WARNING This is warning message
Sun, 19 Apr 2015 11:43:21 index.py[line:24] DEBUG This is debug message
Sun, 19 Apr 2015 11:43:21 index.py[line:25] INFO This is info message
Sun, 19 Apr 2015 11:43:21 index.py[line:26] WARNING This is warning message
Sun, 19 Apr 2015 11:43:23 index.py[line:24] DEBUG This is debug message
Sun, 19 Apr 2015 11:43:23 index.py[line:25] INFO This is info message
Sun, 19 Apr 2015 11:43:23 index.py[line:26] WARNING This is warning message
Sun, 19 Apr 2015 11:44:05 index.py[line:24] DEBUG This is debug message
Sun, 19 Apr 2015 11:44:05 index.py[line:25] INFO This is info message
Sun, 19 Apr 2015 11:44:05 index.py[line:26] WARNING This is warning message
Sun, 19 Apr 2015 11:45:21 index.py[line:24] DEBUG This is debug message
Sun, 19 Apr 2015 11:45:21 index.py[line:25] INFO This is info message
Sun, 19 Apr 2015 11:45:21 index.py[line:26] WARNING This is warning message
Sun, 19 Apr 2015 11:45:23 index.py[line:24] DEBUG This is debug message
Sun, 19 Apr 2015 11:45:23 index.py[line:25] INFO This is info message
Sun, 19 Apr 2015 11:45:23 index.py[line:26] WARNING This is warning message
Sun, 19 Apr 2015 11:46:06 index.py[line:24] DEBUG This is debug message
Sun, 19 Apr 2015 11:46:06 index.py[line:25] INFO This is info message
Sun, 19 Apr 2015 11:46:06 index.py[line:26] WARNING This is warning message
Sun, 19 Apr 2015 11:46:48 index.py[line:24] DEBUG This is debug message
Sun, 19 Apr 2015 11:46:48 index.py[line:25] INFO This is info message
Sun, 19 Apr 2015 11:46:48 index.py[line:26] WARNING This is warning message
Sun, 19 Apr 2015 11:48:04 index.py[line:24] DEBUG This is debug message
Sun, 19 Apr 2015 11:48:04 index.py[line:25] INFO This is info message
Sun, 19 Apr 2015 11:48:04 index.py[line:26] WARNING This is warning message
Sun, 19 Apr 2015 11:48:32 index.py[line:24] DEBUG This is debug message
Sun, 19 Apr 2015 11:48:32 index.py[line:25] INFO This is info message
Sun, 19 Apr 2015 11:48:32 index.py[line:26] WARNING This is warning message
Sun, 19 Apr 2015 11:49:13 index.py[line:24] DEBUG This is debug message
Sun, 19 Apr 2015 11:49:13 index.py[line:25] INFO This is info message
Sun, 19 Apr 2015 11:49:13 index.py[line:26] WARNING This is warning message
Sun, 19 Apr 2015 11:51:18 index.py[line:24] DEBUG This is debug message
Sun, 19 Apr 2015 11:51:18 index.py[line:25] INFO This is info message
Sun, 19 Apr 2015 11:51:18 index.py[line:26] WARNING This is warning message
Sun, 19 Apr 2015 11:51:38 index.py[line:24] DEBUG This is debug message
Sun, 19 Apr 2015 11:51:38 index.py[line:25] INFO This is info message
Sun, 19 Apr 2015 11:51:38 index.py[line:26] WARNING This is warning message
Sun, 19 Apr 2015 11:51:50 index.py[line:24] DEBUG This is debug message
Sun, 19 Apr 2015 11:51:50 index.py[line:25] INFO This is info message
Sun, 19 Apr 2015 11:51:50 index.py[line:26] WARNING This is warning message
Sun, 19 Apr 2015 11:54:27 index.py[line:24] DEBUG This is debug message
Sun, 19 Apr 2015 11:54:27 index.py[line:25] INFO This is info message
Sun, 19 Apr 2015 11:54:27 index.py[line:26] WARNING This is warning message
Sun, 19 Apr 2015 14:26:48 index.py[line:24] DEBUG This is debug message
Sun, 19 Apr 2015 14:26:48 index.py[line:25] INFO This is info message
Sun, 19 Apr 2015 14:26:48 index.py[line:26] WARNING This is warning message
Sun, 19 Apr 2015 14:29:29 foo.py[line:24] DEBUG This is debug message
Sun, 19 Apr 2015 14:29:29 foo.py[line:25] INFO This is info message
Sun, 19 Apr 2015 14:29:29 foo.py[line:26] WARNING This is warning message
Sun, 19 Apr 2015 14:31:03 foo.py[line:24] DEBUG This is debug message
Sun, 19 Apr 2015 14:31:03 foo.py[line:25] INFO This is info message
Sun, 19 Apr 2015 14:31:03 foo.py[line:26] WARNING This is warning message
Sun, 19 Apr 2015 14:39:33 foo.py[line:24] DEBUG This is debug message
Sun, 19 Apr 2015 14:39:33 foo.py[line:25] INFO This is info message
Sun, 19 Apr 2015 14:39:33 foo.py[line:26] WARNING This is warning message
Sun, 19 Apr 2015 14:45:38 foo.py[line:24] DEBUG This is debug message
Sun, 19 Apr 2015 14:45:38 foo.py[line:25] INFO This is info message
Sun, 19 Apr 2015 14:45:38 foo.py[line:26] WARNING This is warning message
